<?xml version="1.0" encoding="UTF-8" standalone="no"?>
<!DOCTYPE log SYSTEM "logger.dtd">
<log>
<record>
  <date>2022-12-12T10:51:22.037658Z</date>
  <millis>1670842282037</millis>
  <nanos>658000</nanos>
  <sequence>5</sequence>
  <logger>ESPlorer.ESPlorer</logger>
  <level>INFO</level>
  <class>ESPlorer.ESPlorer</class>
  <method>log</method>
  <thread>17</thread>
  <message>Load saved settings: Firmware:NodeMCU</message>
</record>
<record>
  <date>2022-12-12T10:51:22.784269Z</date>
  <millis>1670842282784</millis>
  <nanos>269000</nanos>
  <sequence>6</sequence>
  <logger>ESPlorer.ESPlorer</logger>
  <level>INFO</level>
  <class>ESPlorer.ESPlorer</class>
  <method>log</method>
  <thread>17</thread>
  <message>Snippets: loading...</message>
</record>
<record>
  <date>2022-12-12T10:51:22.992866Z</date>
  <millis>1670842282992</millis>
  <nanos>866000</nanos>
  <sequence>7</sequence>
  <logger>ESPlorer.ESPlorer</logger>
  <level>INFO</level>
  <class>ESPlorer.ESPlorer</class>
  <method>log</method>
  <thread>17</thread>
  <message>Snippets load: Success.</message>
</record>
<record>
  <date>2022-12-12T10:51:23.077404Z</date>
  <millis>1670842283077</millis>
  <nanos>404000</nanos>
  <sequence>8</sequence>
  <logger>ESPlorer.ESPlorer</logger>
  <level>INFO</level>
  <class>ESPlorer.ESPlorer</class>
  <method>log</method>
  <thread>17</thread>
  <message>Set new color theme: Success.</message>
</record>
<record>
  <date>2022-12-12T10:51:23.082468Z</date>
  <millis>1670842283082</millis>
  <nanos>468000</nanos>
  <sequence>9</sequence>
  <logger>ESPlorer.ESPlorer</logger>
  <level>INFO</level>
  <class>ESPlorer.ESPlorer</class>
  <method>log</method>
  <thread>17</thread>
  <message>Load saved settings: DONE.</message>
</record>
<record>
  <date>2022-12-12T10:51:23.084500Z</date>
  <millis>1670842283084</millis>
  <nanos>500000</nanos>
  <sequence>10</sequence>
  <logger>ESPlorer.ESPlorer</logger>
  <level>INFO</level>
  <class>ESPlorer.ESPlorer</class>
  <method>log</method>
  <thread>17</thread>
  <message>Snippets: loading...</message>
</record>
<record>
  <date>2022-12-12T10:51:23.086432Z</date>
  <millis>1670842283086</millis>
  <nanos>432000</nanos>
  <sequence>11</sequence>
  <logger>ESPlorer.ESPlorer</logger>
  <level>INFO</level>
  <class>ESPlorer.ESPlorer</class>
  <method>log</method>
  <thread>17</thread>
  <message>Snippets load: Success.</message>
</record>
<record>
  <date>2022-12-12T10:51:24.374854Z</date>
  <millis>1670842284374</millis>
  <nanos>854000</nanos>
  <sequence>12</sequence>
  <logger>ESPlorer.ESPlorer</logger>
  <level>INFO</level>
  <class>ESPlorer.ESPlorer</class>
  <method>log</method>
  <thread>17</thread>
  <message>Scan system...</message>
</record>
<record>
  <date>2022-12-12T10:51:24.402881Z</date>
  <millis>1670842284402</millis>
  <nanos>881000</nanos>
  <sequence>13</sequence>
  <logger>ESPlorer.ESPlorer</logger>
  <level>INFO</level>
  <class>ESPlorer.ESPlorer</class>
  <method>log</method>
  <thread>17</thread>
  <message>found last saved serial port /dev/ttyUSB0</message>
</record>
<record>
  <date>2022-12-12T10:51:24.408730Z</date>
  <millis>1670842284408</millis>
  <nanos>730000</nanos>
  <sequence>14</sequence>
  <logger>ESPlorer.ESPlorer</logger>
  <level>INFO</level>
  <class>ESPlorer.ESPlorer</class>
  <method>log</method>
  <thread>17</thread>
  <message>Scan done.</message>
</record>
<record>
  <date>2022-12-12T10:52:09.770679Z</date>
  <millis>1670842329770</millis>
  <nanos>679000</nanos>
  <sequence>15</sequence>
  <logger>ESPlorer.ESPlorer</logger>
  <level>INFO</level>
  <class>ESPlorer.ESPlorer</class>
  <method>log</method>
  <thread>17</thread>
  <message>Serial port /dev/ttyUSB0 save as default.</message>
</record>
<record>
  <date>2022-12-12T10:52:09.773034Z</date>
  <millis>1670842329773</millis>
  <nanos>34000</nanos>
  <sequence>16</sequence>
  <logger>ESPlorer.ESPlorer</logger>
  <level>INFO</level>
  <class>ESPlorer.ESPlorer</class>
  <method>log</method>
  <thread>17</thread>
  <message>Baud rate 115200 save as default.</message>
</record>
<record>
  <date>2022-12-12T10:52:09.774909Z</date>
  <millis>1670842329774</millis>
  <nanos>909000</nanos>
  <sequence>17</sequence>
  <logger>ESPlorer.ESPlorer</logger>
  <level>INFO</level>
  <class>ESPlorer.ESPlorer</class>
  <method>log</method>
  <thread>17</thread>
  <message>Try to open port /dev/ttyUSB0, baud 115200, 8N1</message>
</record>
<record>
  <date>2022-12-12T10:52:09.783336Z</date>
  <millis>1670842329783</millis>
  <nanos>336000</nanos>
  <sequence>18</sequence>
  <logger>ESPlorer.ESPlorer</logger>
  <level>INFO</level>
  <class>ESPlorer.ESPlorer</class>
  <method>log</method>
  <thread>17</thread>
  <message>Open port /dev/ttyUSB0 - Success.</message>
</record>
<record>
  <date>2022-12-12T10:52:09.904278Z</date>
  <millis>1670842329904</millis>
  <nanos>278000</nanos>
  <sequence>19</sequence>
  <logger>ESPlorer.ESPlorer</logger>
  <level>INFO</level>
  <class>ESPlorer.ESPlorer</class>
  <method>log</method>
  <thread>26</thread>
  <message>java.lang.NullPointerException</message>
</record>
<record>
  <date>2022-12-12T10:52:22.268654Z</date>
  <millis>1670842342268</millis>
  <nanos>654000</nanos>
  <sequence>20</sequence>
  <logger>ESPlorer.ESPlorer</logger>
  <level>INFO</level>
  <class>ESPlorer.ESPlorer</class>
  <method>log</method>
  <thread>17</thread>
  <message>sending:AT&lt;CR&gt;&lt;LF&gt;</message>
</record>
<record>
  <date>2022-12-12T10:52:23.529358Z</date>
  <millis>1670842343529</millis>
  <nanos>358000</nanos>
  <sequence>21</sequence>
  <logger>ESPlorer.ESPlorer</logger>
  <level>INFO</level>
  <class>ESPlorer.ESPlorer</class>
  <method>log</method>
  <thread>17</thread>
  <message>sending:AT&lt;CR&gt;&lt;LF&gt;</message>
</record>
<record>
  <date>2022-12-12T10:52:24.769782Z</date>
  <millis>1670842344769</millis>
  <nanos>782000</nanos>
  <sequence>22</sequence>
  <logger>ESPlorer.ESPlorer</logger>
  <level>INFO</level>
  <class>ESPlorer.ESPlorer</class>
  <method>log</method>
  <thread>17</thread>
  <message>sending:AT&lt;CR&gt;&lt;LF&gt;</message>
</record>
<record>
  <date>2022-12-12T10:52:26.325875Z</date>
  <millis>1670842346325</millis>
  <nanos>875000</nanos>
  <sequence>23</sequence>
  <logger>ESPlorer.ESPlorer</logger>
  <level>INFO</level>
  <class>ESPlorer.ESPlorer</class>
  <method>log</method>
  <thread>17</thread>
  <message>sending:AT&lt;CR&gt;&lt;LF&gt;</message>
</record>
<record>
  <date>2022-12-12T10:52:27.467665Z</date>
  <millis>1670842347467</millis>
  <nanos>665000</nanos>
  <sequence>24</sequence>
  <logger>ESPlorer.ESPlorer</logger>
  <level>INFO</level>
  <class>ESPlorer.ESPlorer</class>
  <method>log</method>
  <thread>17</thread>
  <message>sending:AT&lt;CR&gt;&lt;LF&gt;</message>
</record>
<record>
  <date>2022-12-12T10:52:44.016509Z</date>
  <millis>1670842364016</millis>
  <nanos>509000</nanos>
  <sequence>25</sequence>
  <logger>ESPlorer.ESPlorer</logger>
  <level>INFO</level>
  <class>ESPlorer.ESPlorer</class>
  <method>log</method>
  <thread>17</thread>
  <message>sending:AT+RST&lt;CR&gt;&lt;LF&gt;</message>
</record>
<record>
  <date>2022-12-12T10:52:45.215490Z</date>
  <millis>1670842365215</millis>
  <nanos>490000</nanos>
  <sequence>26</sequence>
  <logger>ESPlorer.ESPlorer</logger>
  <level>INFO</level>
  <class>ESPlorer.ESPlorer</class>
  <method>log</method>
  <thread>17</thread>
  <message>sending:AT+RST&lt;CR&gt;&lt;LF&gt;</message>
</record>
<record>
  <date>2022-12-12T10:52:45.401622Z</date>
  <millis>1670842365401</millis>
  <nanos>622000</nanos>
  <sequence>27</sequence>
  <logger>ESPlorer.ESPlorer</logger>
  <level>INFO</level>
  <class>ESPlorer.ESPlorer</class>
  <method>log</method>
  <thread>17</thread>
  <message>sending:AT+RST&lt;CR&gt;&lt;LF&gt;</message>
</record>
<record>
  <date>2022-12-12T10:52:45.706847Z</date>
  <millis>1670842365706</millis>
  <nanos>847000</nanos>
  <sequence>28</sequence>
  <logger>ESPlorer.ESPlorer</logger>
  <level>INFO</level>
  <class>ESPlorer.ESPlorer</class>
  <method>log</method>
  <thread>17</thread>
  <message>sending:AT+RST&lt;CR&gt;&lt;LF&gt;</message>
</record>
<record>
  <date>2022-12-12T10:52:45.796921Z</date>
  <millis>1670842365796</millis>
  <nanos>921000</nanos>
  <sequence>29</sequence>
  <logger>ESPlorer.ESPlorer</logger>
  <level>INFO</level>
  <class>ESPlorer.ESPlorer</class>
  <method>log</method>
  <thread>17</thread>
  <message>sending:AT+RST&lt;CR&gt;&lt;LF&gt;</message>
</record>
<record>
  <date>2022-12-12T10:52:45.930098Z</date>
  <millis>1670842365930</millis>
  <nanos>98000</nanos>
  <sequence>30</sequence>
  <logger>ESPlorer.ESPlorer</logger>
  <level>INFO</level>
  <class>ESPlorer.ESPlorer</class>
  <method>log</method>
  <thread>17</thread>
  <message>sending:AT+RST&lt;CR&gt;&lt;LF&gt;</message>
</record>
<record>
  <date>2022-12-12T10:52:46.271561Z</date>
  <millis>1670842366271</millis>
  <nanos>561000</nanos>
  <sequence>31</sequence>
  <logger>ESPlorer.ESPlorer</logger>
  <level>INFO</level>
  <class>ESPlorer.ESPlorer</class>
  <method>log</method>
  <thread>17</thread>
  <message>sending:AT+RST&lt;CR&gt;&lt;LF&gt;</message>
</record>
<record>
  <date>2022-12-12T10:52:46.620217Z</date>
  <millis>1670842366620</millis>
  <nanos>217000</nanos>
  <sequence>32</sequence>
  <logger>ESPlorer.ESPlorer</logger>
  <level>INFO</level>
  <class>ESPlorer.ESPlorer</class>
  <method>log</method>
  <thread>17</thread>
  <message>sending:AT+RST&lt;CR&gt;&lt;LF&gt;</message>
</record>
<record>
  <date>2022-12-12T10:52:47.194202Z</date>
  <millis>1670842367194</millis>
  <nanos>202000</nanos>
  <sequence>33</sequence>
  <logger>ESPlorer.ESPlorer</logger>
  <level>INFO</level>
  <class>ESPlorer.ESPlorer</class>
  <method>log</method>
  <thread>17</thread>
  <message>sending:AT+RST&lt;CR&gt;&lt;LF&gt;</message>
</record>
<record>
  <date>2022-12-12T10:52:47.265162Z</date>
  <millis>1670842367265</millis>
  <nanos>162000</nanos>
  <sequence>34</sequence>
  <logger>ESPlorer.ESPlorer</logger>
  <level>INFO</level>
  <class>ESPlorer.ESPlorer</class>
  <method>log</method>
  <thread>17</thread>
  <message>sending:AT+RST&lt;CR&gt;&lt;LF&gt;</message>
</record>
<record>
  <date>2022-12-12T10:52:47.399957Z</date>
  <millis>1670842367399</millis>
  <nanos>957000</nanos>
  <sequence>35</sequence>
  <logger>ESPlorer.ESPlorer</logger>
  <level>INFO</level>
  <class>ESPlorer.ESPlorer</class>
  <method>log</method>
  <thread>17</thread>
  <message>sending:AT+RST&lt;CR&gt;&lt;LF&gt;</message>
</record>
<record>
  <date>2022-12-12T10:52:47.772737Z</date>
  <millis>1670842367772</millis>
  <nanos>737000</nanos>
  <sequence>36</sequence>
  <logger>ESPlorer.ESPlorer</logger>
  <level>INFO</level>
  <class>ESPlorer.ESPlorer</class>
  <method>log</method>
  <thread>17</thread>
  <message>sending:AT+RST&lt;CR&gt;&lt;LF&gt;</message>
</record>
<record>
  <date>2022-12-12T10:52:47.976571Z</date>
  <millis>1670842367976</millis>
  <nanos>571000</nanos>
  <sequence>37</sequence>
  <logger>ESPlorer.ESPlorer</logger>
  <level>INFO</level>
  <class>ESPlorer.ESPlorer</class>
  <method>log</method>
  <thread>17</thread>
  <message>sending:AT+RST&lt;CR&gt;&lt;LF&gt;</message>
</record>
<record>
  <date>2022-12-12T10:52:48.200315Z</date>
  <millis>1670842368200</millis>
  <nanos>315000</nanos>
  <sequence>38</sequence>
  <logger>ESPlorer.ESPlorer</logger>
  <level>INFO</level>
  <class>ESPlorer.ESPlorer</class>
  <method>log</method>
  <thread>17</thread>
  <message>sending:AT+RST&lt;CR&gt;&lt;LF&gt;</message>
</record>
<record>
  <date>2022-12-12T10:52:48.405256Z</date>
  <millis>1670842368405</millis>
  <nanos>256000</nanos>
  <sequence>39</sequence>
  <logger>ESPlorer.ESPlorer</logger>
  <level>INFO</level>
  <class>ESPlorer.ESPlorer</class>
  <method>log</method>
  <thread>17</thread>
  <message>sending:AT+RST&lt;CR&gt;&lt;LF&gt;</message>
</record>
<record>
  <date>2022-12-12T10:52:48.785966Z</date>
  <millis>1670842368785</millis>
  <nanos>966000</nanos>
  <sequence>40</sequence>
  <logger>ESPlorer.ESPlorer</logger>
  <level>INFO</level>
  <class>ESPlorer.ESPlorer</class>
  <method>log</method>
  <thread>17</thread>
  <message>sending:AT+RST&lt;CR&gt;&lt;LF&gt;</message>
</record>
<record>
  <date>2022-12-12T10:52:49.548544Z</date>
  <millis>1670842369548</millis>
  <nanos>544000</nanos>
  <sequence>41</sequence>
  <logger>ESPlorer.ESPlorer</logger>
  <level>INFO</level>
  <class>ESPlorer.ESPlorer</class>
  <method>log</method>
  <thread>17</thread>
  <message>sending:AT+RST&lt;CR&gt;&lt;LF&gt;</message>
</record>
<record>
  <date>2022-12-12T10:52:49.765793Z</date>
  <millis>1670842369765</millis>
  <nanos>793000</nanos>
  <sequence>42</sequence>
  <logger>ESPlorer.ESPlorer</logger>
  <level>INFO</level>
  <class>ESPlorer.ESPlorer</class>
  <method>log</method>
  <thread>17</thread>
  <message>sending:AT+RST&lt;CR&gt;&lt;LF&gt;</message>
</record>
<record>
  <date>2022-12-12T10:52:50.257083Z</date>
  <millis>1670842370257</millis>
  <nanos>83000</nanos>
  <sequence>43</sequence>
  <logger>ESPlorer.ESPlorer</logger>
  <level>INFO</level>
  <class>ESPlorer.ESPlorer</class>
  <method>log</method>
  <thread>17</thread>
  <message>sending:AT+RST&lt;CR&gt;&lt;LF&gt;</message>
</record>
<record>
  <date>2022-12-12T10:54:00.257916Z</date>
  <millis>1670842440257</millis>
  <nanos>916000</nanos>
  <sequence>44</sequence>
  <logger>ESPlorer.ESPlorer</logger>
  <level>INFO</level>
  <class>ESPlorer.ESPlorer</class>
  <method>log</method>
  <thread>17</thread>
  <message>FileTab cleared: Success.</message>
</record>
<record>
  <date>2022-12-12T10:54:00.258894Z</date>
  <millis>1670842440258</millis>
  <nanos>894000</nanos>
  <sequence>45</sequence>
  <logger>ESPlorer.ESPlorer</logger>
  <level>INFO</level>
  <class>ESPlorer.ESPlorer</class>
  <method>log</method>
  <thread>17</thread>
  <message>File close: Success.</message>
</record>
</log>
